<?xml version="1.0" encoding="UTF-8"?>
<robot generator="Robot 6.1.1 (Python 3.12.0 on win32)" generated="20231031 13:49:24.072" rpa="false" schemaversion="4">
<suite id="s1" name="Login all" source="C:\Users\Mohan\PycharmProjects\pythonProject\TestCode\AutomationDemo\Login_all.robot">
<kw name="Start Browser" library="config" type="SETUP">
<kw name="Open Browser" library="SeleniumLibrary">
<arg>${url}</arg>
<arg>${browser}</arg>
<doc>Opens a new browser instance to the optional ``url``.</doc>
<msg timestamp="20231031 13:49:27.322" level="INFO">Opening browser 'chrome' to base url 'https://www.saucedemo.com'.</msg>
<status status="PASS" starttime="20231031 13:49:27.322" endtime="20231031 13:49:43.322"/>
</kw>
<kw name="Maximize Browser Window" library="SeleniumLibrary">
<doc>Maximizes current browser window.</doc>
<status status="PASS" starttime="20231031 13:49:43.322" endtime="20231031 13:49:46.685"/>
</kw>
<kw name="Sleep" library="BuiltIn">
<arg>5</arg>
<doc>Pauses the test executed for the given time.</doc>
<msg timestamp="20231031 13:49:51.686" level="INFO">Slept 5 seconds</msg>
<status status="PASS" starttime="20231031 13:49:46.685" endtime="20231031 13:49:51.686"/>
</kw>
<status status="PASS" starttime="20231031 13:49:27.322" endtime="20231031 13:49:51.686"/>
</kw>
<test id="s1-t1" name="Verify_Login_with_different_scenarios" line="11">
<kw name="Verifying Login Fails with invalid details">
<arg>Epic sadface: Username is required</arg>
<kw name="Input Text" library="SeleniumLibrary">
<arg>${txt_username}</arg>
<arg>${username}</arg>
<doc>Types the given ``text`` into the text field identified by ``locator``.</doc>
<msg timestamp="20231031 13:49:51.686" level="INFO">Typing text '' into text field 'id:user-name'.</msg>
<status status="PASS" starttime="20231031 13:49:51.686" endtime="20231031 13:49:52.133"/>
</kw>
<kw name="Input Text" library="SeleniumLibrary">
<arg>${txt_password}</arg>
<arg>${password}</arg>
<doc>Types the given ``text`` into the text field identified by ``locator``.</doc>
<msg timestamp="20231031 13:49:52.133" level="INFO">Typing text '' into text field 'id:password'.</msg>
<status status="PASS" starttime="20231031 13:49:52.133" endtime="20231031 13:49:52.268"/>
</kw>
<kw name="Click Button" library="SeleniumLibrary">
<arg>${click_login}</arg>
<doc>Clicks the button identified by ``locator``.</doc>
<msg timestamp="20231031 13:49:52.269" level="INFO">Clicking button 'xpath://input[@class='submit-button btn_action']'.</msg>
<status status="PASS" starttime="20231031 13:49:52.269" endtime="20231031 13:49:52.400"/>
</kw>
<kw name="Sleep" library="BuiltIn">
<arg>10</arg>
<doc>Pauses the test executed for the given time.</doc>
<msg timestamp="20231031 13:50:02.400" level="INFO">Slept 10 seconds</msg>
<status status="PASS" starttime="20231031 13:49:52.400" endtime="20231031 13:50:02.400"/>
</kw>
<kw name="Element Should Contain" library="SeleniumLibrary">
<arg>${txt_error msg}</arg>
<arg>${error_msg}</arg>
<doc>Verifies that element ``locator`` contains text ``expected``.</doc>
<msg timestamp="20231031 13:50:02.447" level="INFO">Element 'xpath://div[@id='login_button_container']//h3' contains text 'Epic sadface: Username is required'.</msg>
<status status="PASS" starttime="20231031 13:50:02.400" endtime="20231031 13:50:02.447"/>
</kw>
<kw name="Capture Page Screenshot" library="SeleniumLibrary">
<doc>Takes a screenshot of the current page and embeds it into a log file.</doc>
<msg timestamp="20231031 13:50:02.577" level="INFO" html="true">&lt;/td&gt;&lt;/tr&gt;&lt;tr&gt;&lt;td colspan="3"&gt;&lt;a href="selenium-screenshot-1.png"&gt;&lt;img src="selenium-screenshot-1.png" width="800px"&gt;&lt;/a&gt;</msg>
<status status="PASS" starttime="20231031 13:50:02.447" endtime="20231031 13:50:02.577"/>
</kw>
<kw name="Title Should Be" library="SeleniumLibrary">
<arg>Swag Labs</arg>
<doc>Verifies that the current page title equals ``title``.</doc>
<msg timestamp="20231031 13:50:02.608" level="INFO">Page title is 'Swag Labs'.</msg>
<status status="PASS" starttime="20231031 13:50:02.577" endtime="20231031 13:50:02.608"/>
</kw>
<kw name="Capture Page Screenshot" library="SeleniumLibrary">
<doc>Takes a screenshot of the current page and embeds it into a log file.</doc>
<msg timestamp="20231031 13:50:02.739" level="INFO" html="true">&lt;/td&gt;&lt;/tr&gt;&lt;tr&gt;&lt;td colspan="3"&gt;&lt;a href="selenium-screenshot-2.png"&gt;&lt;img src="selenium-screenshot-2.png" width="800px"&gt;&lt;/a&gt;</msg>
<status status="PASS" starttime="20231031 13:50:02.608" endtime="20231031 13:50:02.739"/>
</kw>
<status status="PASS" starttime="20231031 13:49:51.686" endtime="20231031 13:50:02.739"/>
</kw>
<doc>These test cases verifies the invlaid login scenarios</doc>
<tag>Login Functionality</tag>
<status status="PASS" starttime="20231031 13:49:51.686" endtime="20231031 13:50:02.739"/>
</test>
<test id="s1-t2" name="Verify_Login_with_different_scenarios" line="11">
<kw name="Verifying Login Fails with invalid details">
<arg>standard_user</arg>
<arg>secret_</arg>
<arg>Epic sadface: Username and password do not match any user in this service</arg>
<kw name="Input Text" library="SeleniumLibrary">
<arg>${txt_username}</arg>
<arg>${username}</arg>
<doc>Types the given ``text`` into the text field identified by ``locator``.</doc>
<msg timestamp="20231031 13:50:02.739" level="INFO">Typing text 'standard_user' into text field 'id:user-name'.</msg>
<status status="PASS" starttime="20231031 13:50:02.739" endtime="20231031 13:50:03.032"/>
</kw>
<kw name="Input Text" library="SeleniumLibrary">
<arg>${txt_password}</arg>
<arg>${password}</arg>
<doc>Types the given ``text`` into the text field identified by ``locator``.</doc>
<msg timestamp="20231031 13:50:03.034" level="INFO">Typing text 'secret_' into text field 'id:password'.</msg>
<status status="PASS" starttime="20231031 13:50:03.033" endtime="20231031 13:50:03.172"/>
</kw>
<kw name="Click Button" library="SeleniumLibrary">
<arg>${click_login}</arg>
<doc>Clicks the button identified by ``locator``.</doc>
<msg timestamp="20231031 13:50:03.172" level="INFO">Clicking button 'xpath://input[@class='submit-button btn_action']'.</msg>
<status status="PASS" starttime="20231031 13:50:03.172" endtime="20231031 13:50:03.259"/>
</kw>
<kw name="Sleep" library="BuiltIn">
<arg>10</arg>
<doc>Pauses the test executed for the given time.</doc>
<msg timestamp="20231031 13:50:13.260" level="INFO">Slept 10 seconds</msg>
<status status="PASS" starttime="20231031 13:50:03.259" endtime="20231031 13:50:13.260"/>
</kw>
<kw name="Element Should Contain" library="SeleniumLibrary">
<arg>${txt_error msg}</arg>
<arg>${error_msg}</arg>
<doc>Verifies that element ``locator`` contains text ``expected``.</doc>
<msg timestamp="20231031 13:50:13.276" level="INFO">Element 'xpath://div[@id='login_button_container']//h3' contains text 'Epic sadface: Username and password do not match any user in this service'.</msg>
<status status="PASS" starttime="20231031 13:50:13.260" endtime="20231031 13:50:13.276"/>
</kw>
<kw name="Capture Page Screenshot" library="SeleniumLibrary">
<doc>Takes a screenshot of the current page and embeds it into a log file.</doc>
<msg timestamp="20231031 13:50:13.415" level="INFO" html="true">&lt;/td&gt;&lt;/tr&gt;&lt;tr&gt;&lt;td colspan="3"&gt;&lt;a href="selenium-screenshot-3.png"&gt;&lt;img src="selenium-screenshot-3.png" width="800px"&gt;&lt;/a&gt;</msg>
<status status="PASS" starttime="20231031 13:50:13.276" endtime="20231031 13:50:13.415"/>
</kw>
<kw name="Title Should Be" library="SeleniumLibrary">
<arg>Swag Labs</arg>
<doc>Verifies that the current page title equals ``title``.</doc>
<msg timestamp="20231031 13:50:13.415" level="INFO">Page title is 'Swag Labs'.</msg>
<status status="PASS" starttime="20231031 13:50:13.415" endtime="20231031 13:50:13.415"/>
</kw>
<kw name="Capture Page Screenshot" library="SeleniumLibrary">
<doc>Takes a screenshot of the current page and embeds it into a log file.</doc>
<msg timestamp="20231031 13:50:13.532" level="INFO" html="true">&lt;/td&gt;&lt;/tr&gt;&lt;tr&gt;&lt;td colspan="3"&gt;&lt;a href="selenium-screenshot-4.png"&gt;&lt;img src="selenium-screenshot-4.png" width="800px"&gt;&lt;/a&gt;</msg>
<status status="PASS" starttime="20231031 13:50:13.415" endtime="20231031 13:50:13.532"/>
</kw>
<status status="PASS" starttime="20231031 13:50:02.739" endtime="20231031 13:50:13.532"/>
</kw>
<doc>These test cases verifies the invlaid login scenarios</doc>
<tag>Login Functionality</tag>
<status status="PASS" starttime="20231031 13:50:02.739" endtime="20231031 13:50:13.532"/>
</test>
<test id="s1-t3" name="Verify_Login_with_different_scenarios" line="11">
<kw name="Verifying Login Fails with invalid details">
<arg>locked_out_user</arg>
<arg>secret_sauce</arg>
<arg>Epic sadface: Sorry, this user has been locked out</arg>
<kw name="Input Text" library="SeleniumLibrary">
<arg>${txt_username}</arg>
<arg>${username}</arg>
<doc>Types the given ``text`` into the text field identified by ``locator``.</doc>
<msg timestamp="20231031 13:50:13.548" level="INFO">Typing text 'locked_out_user' into text field 'id:user-name'.</msg>
<status status="PASS" starttime="20231031 13:50:13.548" endtime="20231031 13:50:13.781"/>
</kw>
<kw name="Input Text" library="SeleniumLibrary">
<arg>${txt_password}</arg>
<arg>${password}</arg>
<doc>Types the given ``text`` into the text field identified by ``locator``.</doc>
<msg timestamp="20231031 13:50:13.784" level="INFO">Typing text 'secret_sauce' into text field 'id:password'.</msg>
<status status="PASS" starttime="20231031 13:50:13.781" endtime="20231031 13:50:13.980"/>
</kw>
<kw name="Click Button" library="SeleniumLibrary">
<arg>${click_login}</arg>
<doc>Clicks the button identified by ``locator``.</doc>
<msg timestamp="20231031 13:50:13.981" level="INFO">Clicking button 'xpath://input[@class='submit-button btn_action']'.</msg>
<status status="PASS" starttime="20231031 13:50:13.980" endtime="20231031 13:50:14.173"/>
</kw>
<kw name="Sleep" library="BuiltIn">
<arg>10</arg>
<doc>Pauses the test executed for the given time.</doc>
<msg timestamp="20231031 13:50:24.173" level="INFO">Slept 10 seconds</msg>
<status status="PASS" starttime="20231031 13:50:14.173" endtime="20231031 13:50:24.173"/>
</kw>
<kw name="Element Should Contain" library="SeleniumLibrary">
<arg>${txt_error msg}</arg>
<arg>${error_msg}</arg>
<doc>Verifies that element ``locator`` contains text ``expected``.</doc>
<msg timestamp="20231031 13:50:24.205" level="INFO">Element 'xpath://div[@id='login_button_container']//h3' contains text 'Epic sadface: Sorry, this user has been locked out'.</msg>
<status status="PASS" starttime="20231031 13:50:24.173" endtime="20231031 13:50:24.205"/>
</kw>
<kw name="Capture Page Screenshot" library="SeleniumLibrary">
<doc>Takes a screenshot of the current page and embeds it into a log file.</doc>
<msg timestamp="20231031 13:50:24.339" level="INFO" html="true">&lt;/td&gt;&lt;/tr&gt;&lt;tr&gt;&lt;td colspan="3"&gt;&lt;a href="selenium-screenshot-5.png"&gt;&lt;img src="selenium-screenshot-5.png" width="800px"&gt;&lt;/a&gt;</msg>
<status status="PASS" starttime="20231031 13:50:24.205" endtime="20231031 13:50:24.339"/>
</kw>
<kw name="Title Should Be" library="SeleniumLibrary">
<arg>Swag Labs</arg>
<doc>Verifies that the current page title equals ``title``.</doc>
<msg timestamp="20231031 13:50:24.339" level="INFO">Page title is 'Swag Labs'.</msg>
<status status="PASS" starttime="20231031 13:50:24.339" endtime="20231031 13:50:24.339"/>
</kw>
<kw name="Capture Page Screenshot" library="SeleniumLibrary">
<doc>Takes a screenshot of the current page and embeds it into a log file.</doc>
<msg timestamp="20231031 13:50:24.471" level="INFO" html="true">&lt;/td&gt;&lt;/tr&gt;&lt;tr&gt;&lt;td colspan="3"&gt;&lt;a href="selenium-screenshot-6.png"&gt;&lt;img src="selenium-screenshot-6.png" width="800px"&gt;&lt;/a&gt;</msg>
<status status="PASS" starttime="20231031 13:50:24.339" endtime="20231031 13:50:24.471"/>
</kw>
<status status="PASS" starttime="20231031 13:50:13.548" endtime="20231031 13:50:24.471"/>
</kw>
<doc>These test cases verifies the invlaid login scenarios</doc>
<tag>Login Functionality</tag>
<status status="PASS" starttime="20231031 13:50:13.532" endtime="20231031 13:50:24.471"/>
</test>
<test id="s1-t4" name="Verify_Login_with_different_scenarios" line="11">
<kw name="Verifying Login Fails with invalid details">
<arg>standard_us</arg>
<arg>secret_sauce</arg>
<arg>Epic sadface: Username and password do not match any user in this service</arg>
<kw name="Input Text" library="SeleniumLibrary">
<arg>${txt_username}</arg>
<arg>${username}</arg>
<doc>Types the given ``text`` into the text field identified by ``locator``.</doc>
<msg timestamp="20231031 13:50:24.488" level="INFO">Typing text 'standard_us' into text field 'id:user-name'.</msg>
<status status="PASS" starttime="20231031 13:50:24.487" endtime="20231031 13:50:24.717"/>
</kw>
<kw name="Input Text" library="SeleniumLibrary">
<arg>${txt_password}</arg>
<arg>${password}</arg>
<doc>Types the given ``text`` into the text field identified by ``locator``.</doc>
<msg timestamp="20231031 13:50:24.717" level="INFO">Typing text 'secret_sauce' into text field 'id:password'.</msg>
<status status="PASS" starttime="20231031 13:50:24.717" endtime="20231031 13:50:24.923"/>
</kw>
<kw name="Click Button" library="SeleniumLibrary">
<arg>${click_login}</arg>
<doc>Clicks the button identified by ``locator``.</doc>
<msg timestamp="20231031 13:50:24.924" level="INFO">Clicking button 'xpath://input[@class='submit-button btn_action']'.</msg>
<status status="PASS" starttime="20231031 13:50:24.923" endtime="20231031 13:50:25.014"/>
</kw>
<kw name="Sleep" library="BuiltIn">
<arg>10</arg>
<doc>Pauses the test executed for the given time.</doc>
<msg timestamp="20231031 13:50:35.014" level="INFO">Slept 10 seconds</msg>
<status status="PASS" starttime="20231031 13:50:25.014" endtime="20231031 13:50:35.014"/>
</kw>
<kw name="Element Should Contain" library="SeleniumLibrary">
<arg>${txt_error msg}</arg>
<arg>${error_msg}</arg>
<doc>Verifies that element ``locator`` contains text ``expected``.</doc>
<msg timestamp="20231031 13:50:35.061" level="INFO">Element 'xpath://div[@id='login_button_container']//h3' contains text 'Epic sadface: Username and password do not match any user in this service'.</msg>
<status status="PASS" starttime="20231031 13:50:35.014" endtime="20231031 13:50:35.061"/>
</kw>
<kw name="Capture Page Screenshot" library="SeleniumLibrary">
<doc>Takes a screenshot of the current page and embeds it into a log file.</doc>
<msg timestamp="20231031 13:50:35.180" level="INFO" html="true">&lt;/td&gt;&lt;/tr&gt;&lt;tr&gt;&lt;td colspan="3"&gt;&lt;a href="selenium-screenshot-7.png"&gt;&lt;img src="selenium-screenshot-7.png" width="800px"&gt;&lt;/a&gt;</msg>
<status status="PASS" starttime="20231031 13:50:35.061" endtime="20231031 13:50:35.180"/>
</kw>
<kw name="Title Should Be" library="SeleniumLibrary">
<arg>Swag Labs</arg>
<doc>Verifies that the current page title equals ``title``.</doc>
<msg timestamp="20231031 13:50:35.196" level="INFO">Page title is 'Swag Labs'.</msg>
<status status="PASS" starttime="20231031 13:50:35.180" endtime="20231031 13:50:35.196"/>
</kw>
<kw name="Capture Page Screenshot" library="SeleniumLibrary">
<doc>Takes a screenshot of the current page and embeds it into a log file.</doc>
<msg timestamp="20231031 13:50:35.312" level="INFO" html="true">&lt;/td&gt;&lt;/tr&gt;&lt;tr&gt;&lt;td colspan="3"&gt;&lt;a href="selenium-screenshot-8.png"&gt;&lt;img src="selenium-screenshot-8.png" width="800px"&gt;&lt;/a&gt;</msg>
<status status="PASS" starttime="20231031 13:50:35.196" endtime="20231031 13:50:35.312"/>
</kw>
<status status="PASS" starttime="20231031 13:50:24.471" endtime="20231031 13:50:35.312"/>
</kw>
<doc>These test cases verifies the invlaid login scenarios</doc>
<tag>Login Functionality</tag>
<status status="PASS" starttime="20231031 13:50:24.471" endtime="20231031 13:50:35.312"/>
</test>
<test id="s1-t5" name="Verify_Login_with_different_scenarios" line="11">
<kw name="Verifying Login Fails with invalid details">
<arg>standrad_us</arg>
<arg>secret_sau</arg>
<arg>Epic sadface: Username and password do not match any user in this service</arg>
<kw name="Input Text" library="SeleniumLibrary">
<arg>${txt_username}</arg>
<arg>${username}</arg>
<doc>Types the given ``text`` into the text field identified by ``locator``.</doc>
<msg timestamp="20231031 13:50:35.312" level="INFO">Typing text 'standrad_us' into text field 'id:user-name'.</msg>
<status status="PASS" starttime="20231031 13:50:35.312" endtime="20231031 13:50:35.484"/>
</kw>
<kw name="Input Text" library="SeleniumLibrary">
<arg>${txt_password}</arg>
<arg>${password}</arg>
<doc>Types the given ``text`` into the text field identified by ``locator``.</doc>
<msg timestamp="20231031 13:50:35.484" level="INFO">Typing text 'secret_sau' into text field 'id:password'.</msg>
<status status="PASS" starttime="20231031 13:50:35.484" endtime="20231031 13:50:35.623"/>
</kw>
<kw name="Click Button" library="SeleniumLibrary">
<arg>${click_login}</arg>
<doc>Clicks the button identified by ``locator``.</doc>
<msg timestamp="20231031 13:50:35.623" level="INFO">Clicking button 'xpath://input[@class='submit-button btn_action']'.</msg>
<status status="PASS" starttime="20231031 13:50:35.623" endtime="20231031 13:50:35.685"/>
</kw>
<kw name="Sleep" library="BuiltIn">
<arg>10</arg>
<doc>Pauses the test executed for the given time.</doc>
<msg timestamp="20231031 13:50:45.685" level="INFO">Slept 10 seconds</msg>
<status status="PASS" starttime="20231031 13:50:35.685" endtime="20231031 13:50:45.685"/>
</kw>
<kw name="Element Should Contain" library="SeleniumLibrary">
<arg>${txt_error msg}</arg>
<arg>${error_msg}</arg>
<doc>Verifies that element ``locator`` contains text ``expected``.</doc>
<msg timestamp="20231031 13:50:45.732" level="INFO">Element 'xpath://div[@id='login_button_container']//h3' contains text 'Epic sadface: Username and password do not match any user in this service'.</msg>
<status status="PASS" starttime="20231031 13:50:45.685" endtime="20231031 13:50:45.732"/>
</kw>
<kw name="Capture Page Screenshot" library="SeleniumLibrary">
<doc>Takes a screenshot of the current page and embeds it into a log file.</doc>
<msg timestamp="20231031 13:50:45.854" level="INFO" html="true">&lt;/td&gt;&lt;/tr&gt;&lt;tr&gt;&lt;td colspan="3"&gt;&lt;a href="selenium-screenshot-9.png"&gt;&lt;img src="selenium-screenshot-9.png" width="800px"&gt;&lt;/a&gt;</msg>
<status status="PASS" starttime="20231031 13:50:45.732" endtime="20231031 13:50:45.854"/>
</kw>
<kw name="Title Should Be" library="SeleniumLibrary">
<arg>Swag Labs</arg>
<doc>Verifies that the current page title equals ``title``.</doc>
<msg timestamp="20231031 13:50:45.854" level="INFO">Page title is 'Swag Labs'.</msg>
<status status="PASS" starttime="20231031 13:50:45.854" endtime="20231031 13:50:45.854"/>
</kw>
<kw name="Capture Page Screenshot" library="SeleniumLibrary">
<doc>Takes a screenshot of the current page and embeds it into a log file.</doc>
<msg timestamp="20231031 13:50:45.971" level="INFO" html="true">&lt;/td&gt;&lt;/tr&gt;&lt;tr&gt;&lt;td colspan="3"&gt;&lt;a href="selenium-screenshot-10.png"&gt;&lt;img src="selenium-screenshot-10.png" width="800px"&gt;&lt;/a&gt;</msg>
<status status="PASS" starttime="20231031 13:50:45.854" endtime="20231031 13:50:45.971"/>
</kw>
<status status="PASS" starttime="20231031 13:50:35.312" endtime="20231031 13:50:45.971"/>
</kw>
<doc>These test cases verifies the invlaid login scenarios</doc>
<tag>Login Functionality</tag>
<status status="PASS" starttime="20231031 13:50:35.312" endtime="20231031 13:50:45.971"/>
</test>
<kw name="Finish browser" library="config" type="TEARDOWN">
<kw name="Close Browser" library="SeleniumLibrary">
<doc>Closes the current browser.</doc>
<status status="PASS" starttime="20231031 13:50:45.987" endtime="20231031 13:50:49.180"/>
</kw>
<status status="PASS" starttime="20231031 13:50:45.987" endtime="20231031 13:50:49.180"/>
</kw>
<status status="PASS" starttime="20231031 13:49:24.087" endtime="20231031 13:50:49.180"/>
</suite>
<statistics>
<total>
<stat pass="5" fail="0" skip="0">All Tests</stat>
</total>
<tag>
<stat pass="5" fail="0" skip="0">Login Functionality</stat>
</tag>
<suite>
<stat pass="5" fail="0" skip="0" id="s1" name="Login all">Login all</stat>
</suite>
</statistics>
<errors>
<msg timestamp="20231031 13:49:25.962" level="ERROR">Error in file 'C:\Users\Mohan\PycharmProjects\pythonProject\TestCode\Testdata\xpath.robot' on line 27: Setting variable '${{firstName}' failed: Invalid variable name '${{firstName}'.</msg>
<msg timestamp="20231031 13:50:02.739" level="WARN">Multiple tests with name 'Verify_Login_with_different_scenarios' executed in suite 'Login all'.</msg>
<msg timestamp="20231031 13:50:13.532" level="WARN">Multiple tests with name 'Verify_Login_with_different_scenarios' executed in suite 'Login all'.</msg>
<msg timestamp="20231031 13:50:24.471" level="WARN">Multiple tests with name 'Verify_Login_with_different_scenarios' executed in suite 'Login all'.</msg>
<msg timestamp="20231031 13:50:35.312" level="WARN">Multiple tests with name 'Verify_Login_with_different_scenarios' executed in suite 'Login all'.</msg>
</errors>
</robot>
